Build started 26/06/2015 03:06:35.
     1>Project "C:\Users\Othmanos\Desktop\Projet_Tutore\vs2013\project.vcxproj" on node 2 (Build target(s)).
     1>ClCompile:
         C:\Program Files (x86)\Microsoft Visual Studio 12.0\VC\bin\CL.exe /c /I../include /I../include/opencv /Zi /nologo /W3 /WX- /O2 /Oi /Oy- /GL /D WIN32 /D NDEBUG /D _CONSOLE /D _UNICODE /D UNICODE /Gm- /EHsc /MT /GS /Gy /fp:precise /Zc:wchar_t /Zc:forScope /Fo"Release\\" /Fd"Release\vc120.pdb" /Gd /TP /analyze- /errorReport:prompt ..\Start.cpp
         Start.cpp
     1>c:\users\othmanos\desktop\projet_tutore\include\opencv2\flann\logger.h(66): warning C4996: 'fopen': This function or variable may be unsafe. Consider using fopen_s instead. To disable deprecation, use _CRT_SECURE_NO_WARNINGS. See online help for details.
                 C:\Program Files (x86)\Microsoft Visual Studio 12.0\VC\include\stdio.h(211) : see declaration of 'fopen'
       Link:
         C:\Program Files (x86)\Microsoft Visual Studio 12.0\VC\bin\link.exe /ERRORREPORT:PROMPT /OUT:"../vehicle_counting_x86.exe" /INCREMENTAL:NO /NOLOGO "../lib/x86/vc12/*.lib" comctl32.lib VFW32.lib libmysql.lib kernel32.lib user32.lib gdi32.lib winspool.lib comdlg32.lib advapi32.lib shell32.lib ole32.lib oleaut32.lib uuid.lib odbc32.lib odbccp32.lib /MANIFEST /MANIFESTUAC:"level='asInvoker' uiAccess='false'" /manifest:embed /DEBUG /PDB:"../vehicle_counting_x86.pdb" /SUBSYSTEM:CONSOLE /OPT:REF /OPT:ICF /LTCG /TLBID:1 /DYNAMICBASE /NXCOMPAT /IMPLIB:"../vehicle_counting_x86.lib" /MACHINE:X86 /SAFESEH Release\Start.obj
         Release\VehicleCouting.obj
         Release\PBAS.obj
         Release\PixelBasedAdaptiveSegmenter.obj
         Release\BlobTracking.obj
         Release\cvaux.obj
         Release\cvblob.obj
         Release\cvcolor.obj
         Release\cvcontour.obj
         Release\cvlabel.obj
         Release\cvtrack.obj
         Generating code
     1>c:\users\othmanos\desktop\projet_tutore\package_tracking\cvblob\cvlabel.cpp(361): warning C4715: 'cvLabel' : not all control paths return a value
         Finished generating code
     1>IlmImf.lib(half.obj) : warning LNK4099: PDB 'ilmimf.pdb' was not found with 'IlmImf.lib(half.obj)' or at 'C:\Users\Othmanos\Desktop\Projet_Tutore\ilmimf.pdb'; linking object as if no debug info
     1>IlmImf.lib(IexBaseExc.obj) : warning LNK4099: PDB 'ilmimf.pdb' was not found with 'IlmImf.lib(IexBaseExc.obj)' or at 'C:\Users\Othmanos\Desktop\Projet_Tutore\ilmimf.pdb'; linking object as if no debug info
     1>IlmImf.lib(IexThrowErrnoExc.obj) : warning LNK4099: PDB 'ilmimf.pdb' was not found with 'IlmImf.lib(IexThrowErrnoExc.obj)' or at 'C:\Users\Othmanos\Desktop\Projet_Tutore\ilmimf.pdb'; linking object as if no debug info
     1>IlmImf.lib(IlmThreadMutexWin32.obj) : warning LNK4099: PDB 'ilmimf.pdb' was not found with 'IlmImf.lib(IlmThreadMutexWin32.obj)' or at 'C:\Users\Othmanos\Desktop\Projet_Tutore\ilmimf.pdb'; linking object as if no debug info
     1>IlmImf.lib(IlmThreadPool.obj) : warning LNK4099: PDB 'ilmimf.pdb' was not found with 'IlmImf.lib(IlmThreadPool.obj)' or at 'C:\Users\Othmanos\Desktop\Projet_Tutore\ilmimf.pdb'; linking object as if no debug info
     1>IlmImf.lib(IlmThreadSemaphoreWin32.obj) : warning LNK4099: PDB 'ilmimf.pdb' was not found with 'IlmImf.lib(IlmThreadSemaphoreWin32.obj)' or at 'C:\Users\Othmanos\Desktop\Projet_Tutore\ilmimf.pdb'; linking object as if no debug info
     1>IlmImf.lib(IlmThreadWin32.obj) : warning LNK4099: PDB 'ilmimf.pdb' was not found with 'IlmImf.lib(IlmThreadWin32.obj)' or at 'C:\Users\Othmanos\Desktop\Projet_Tutore\ilmimf.pdb'; linking object as if no debug info
     1>IlmImf.lib(ImfAttribute.obj) : warning LNK4099: PDB 'ilmimf.pdb' was not found with 'IlmImf.lib(ImfAttribute.obj)' or at 'C:\Users\Othmanos\Desktop\Projet_Tutore\ilmimf.pdb'; linking object as if no debug info
     1>IlmImf.lib(ImfB44Compressor.obj) : warning LNK4099: PDB 'ilmimf.pdb' was not found with 'IlmImf.lib(ImfB44Compressor.obj)' or at 'C:\Users\Othmanos\Desktop\Projet_Tutore\ilmimf.pdb'; linking object as if no debug info
     1>IlmImf.lib(ImfBoxAttribute.obj) : warning LNK4099: PDB 'ilmimf.pdb' was not found with 'IlmImf.lib(ImfBoxAttribute.obj)' or at 'C:\Users\Othmanos\Desktop\Projet_Tutore\ilmimf.pdb'; linking object as if no debug info
     1>IlmImf.lib(ImfChannelList.obj) : warning LNK4099: PDB 'ilmimf.pdb' was not found with 'IlmImf.lib(ImfChannelList.obj)' or at 'C:\Users\Othmanos\Desktop\Projet_Tutore\ilmimf.pdb'; linking object as if no debug info
     1>IlmImf.lib(ImfChannelListAttribute.obj) : warning LNK4099: PDB 'ilmimf.pdb' was not found with 'IlmImf.lib(ImfChannelListAttribute.obj)' or at 'C:\Users\Othmanos\Desktop\Projet_Tutore\ilmimf.pdb'; linking object as if no debug info
     1>IlmImf.lib(ImfChromaticities.obj) : warning LNK4099: PDB 'ilmimf.pdb' was not found with 'IlmImf.lib(ImfChromaticities.obj)' or at 'C:\Users\Othmanos\Desktop\Projet_Tutore\ilmimf.pdb'; linking object as if no debug info
     1>IlmImf.lib(ImfChromaticitiesAttribute.obj) : warning LNK4099: PDB 'ilmimf.pdb' was not found with 'IlmImf.lib(ImfChromaticitiesAttribute.obj)' or at 'C:\Users\Othmanos\Desktop\Projet_Tutore\ilmimf.pdb'; linking object as if no debug info
     1>IlmImf.lib(ImfCompressionAttribute.obj) : warning LNK4099: PDB 'ilmimf.pdb' was not found with 'IlmImf.lib(ImfCompressionAttribute.obj)' or at 'C:\Users\Othmanos\Desktop\Projet_Tutore\ilmimf.pdb'; linking object as if no debug info
     1>IlmImf.lib(ImfCompressor.obj) : warning LNK4099: PDB 'ilmimf.pdb' was not found with 'IlmImf.lib(ImfCompressor.obj)' or at 'C:\Users\Othmanos\Desktop\Projet_Tutore\ilmimf.pdb'; linking object as if no debug info
     1>IlmImf.lib(ImfConvert.obj) : warning LNK4099: PDB 'ilmimf.pdb' was not found with 'IlmImf.lib(ImfConvert.obj)' or at 'C:\Users\Othmanos\Desktop\Projet_Tutore\ilmimf.pdb'; linking object as if no debug info
     1>IlmImf.lib(ImfDoubleAttribute.obj) : warning LNK4099: PDB 'ilmimf.pdb' was not found with 'IlmImf.lib(ImfDoubleAttribute.obj)' or at 'C:\Users\Othmanos\Desktop\Projet_Tutore\ilmimf.pdb'; linking object as if no debug info
     1>IlmImf.lib(ImfEnvmapAttribute.obj) : warning LNK4099: PDB 'ilmimf.pdb' was not found with 'IlmImf.lib(ImfEnvmapAttribute.obj)' or at 'C:\Users\Othmanos\Desktop\Projet_Tutore\ilmimf.pdb'; linking object as if no debug info
     1>IlmImf.lib(ImfFloatAttribute.obj) : warning LNK4099: PDB 'ilmimf.pdb' was not found with 'IlmImf.lib(ImfFloatAttribute.obj)' or at 'C:\Users\Othmanos\Desktop\Projet_Tutore\ilmimf.pdb'; linking object as if no debug info
     1>IlmImf.lib(ImfFrameBuffer.obj) : warning LNK4099: PDB 'ilmimf.pdb' was not found with 'IlmImf.lib(ImfFrameBuffer.obj)' or at 'C:\Users\Othmanos\Desktop\Projet_Tutore\ilmimf.pdb'; linking object as if no debug info
     1>IlmImf.lib(ImfHeader.obj) : warning LNK4099: PDB 'ilmimf.pdb' was not found with 'IlmImf.lib(ImfHeader.obj)' or at 'C:\Users\Othmanos\Desktop\Projet_Tutore\ilmimf.pdb'; linking object as if no debug info
     1>IlmImf.lib(ImfHuf.obj) : warning LNK4099: PDB 'ilmimf.pdb' was not found with 'IlmImf.lib(ImfHuf.obj)' or at 'C:\Users\Othmanos\Desktop\Projet_Tutore\ilmimf.pdb'; linking object as if no debug info
     1>IlmImf.lib(ImfInputFile.obj) : warning LNK4099: PDB 'ilmimf.pdb' was not found with 'IlmImf.lib(ImfInputFile.obj)' or at 'C:\Users\Othmanos\Desktop\Projet_Tutore\ilmimf.pdb'; linking object as if no debug info
     1>IlmImf.lib(ImfIntAttribute.obj) : warning LNK4099: PDB 'ilmimf.pdb' was not found with 'IlmImf.lib(ImfIntAttribute.obj)' or at 'C:\Users\Othmanos\Desktop\Projet_Tutore\ilmimf.pdb'; linking object as if no debug info
     1>IlmImf.lib(ImfIO.obj) : warning LNK4099: PDB 'ilmimf.pdb' was not found with 'IlmImf.lib(ImfIO.obj)' or at 'C:\Users\Othmanos\Desktop\Projet_Tutore\ilmimf.pdb'; linking object as if no debug info
     1>IlmImf.lib(ImfKeyCode.obj) : warning LNK4099: PDB 'ilmimf.pdb' was not found with 'IlmImf.lib(ImfKeyCode.obj)' or at 'C:\Users\Othmanos\Desktop\Projet_Tutore\ilmimf.pdb'; linking object as if no debug info
     1>IlmImf.lib(ImfKeyCodeAttribute.obj) : warning LNK4099: PDB 'ilmimf.pdb' was not found with 'IlmImf.lib(ImfKeyCodeAttribute.obj)' or at 'C:\Users\Othmanos\Desktop\Projet_Tutore\ilmimf.pdb'; linking object as if no debug info
     1>IlmImf.lib(ImfLineOrderAttribute.obj) : warning LNK4099: PDB 'ilmimf.pdb' was not found with 'IlmImf.lib(ImfLineOrderAttribute.obj)' or at 'C:\Users\Othmanos\Desktop\Projet_Tutore\ilmimf.pdb'; linking object as if no debug info
     1>IlmImf.lib(ImfMatrixAttribute.obj) : warning LNK4099: PDB 'ilmimf.pdb' was not found with 'IlmImf.lib(ImfMatrixAttribute.obj)' or at 'C:\Users\Othmanos\Desktop\Projet_Tutore\ilmimf.pdb'; linking object as if no debug info
     1>IlmImf.lib(ImfMisc.obj) : warning LNK4099: PDB 'ilmimf.pdb' was not found with 'IlmImf.lib(ImfMisc.obj)' or at 'C:\Users\Othmanos\Desktop\Projet_Tutore\ilmimf.pdb'; linking object as if no debug info
     1>IlmImf.lib(ImfOpaqueAttribute.obj) : warning LNK4099: PDB 'ilmimf.pdb' was not found with 'IlmImf.lib(ImfOpaqueAttribute.obj)' or at 'C:\Users\Othmanos\Desktop\Projet_Tutore\ilmimf.pdb'; linking object as if no debug info
     1>IlmImf.lib(ImfOutputFile.obj) : warning LNK4099: PDB 'ilmimf.pdb' was not found with 'IlmImf.lib(ImfOutputFile.obj)' or at 'C:\Users\Othmanos\Desktop\Projet_Tutore\ilmimf.pdb'; linking object as if no debug info
     1>IlmImf.lib(ImfPizCompressor.obj) : warning LNK4099: PDB 'ilmimf.pdb' was not found with 'IlmImf.lib(ImfPizCompressor.obj)' or at 'C:\Users\Othmanos\Desktop\Projet_Tutore\ilmimf.pdb'; linking object as if no debug info
     1>IlmImf.lib(ImfPreviewImage.obj) : warning LNK4099: PDB 'ilmimf.pdb' was not found with 'IlmImf.lib(ImfPreviewImage.obj)' or at 'C:\Users\Othmanos\Desktop\Projet_Tutore\ilmimf.pdb'; linking object as if no debug info
     1>IlmImf.lib(ImfPreviewImageAttribute.obj) : warning LNK4099: PDB 'ilmimf.pdb' was not found with 'IlmImf.lib(ImfPreviewImageAttribute.obj)' or at 'C:\Users\Othmanos\Desktop\Projet_Tutore\ilmimf.pdb'; linking object as if no debug info
     1>IlmImf.lib(ImfPxr24Compressor.obj) : warning LNK4099: PDB 'ilmimf.pdb' was not found with 'IlmImf.lib(ImfPxr24Compressor.obj)' or at 'C:\Users\Othmanos\Desktop\Projet_Tutore\ilmimf.pdb'; linking object as if no debug info
     1>IlmImf.lib(ImfRationalAttribute.obj) : warning LNK4099: PDB 'ilmimf.pdb' was not found with 'IlmImf.lib(ImfRationalAttribute.obj)' or at 'C:\Users\Othmanos\Desktop\Projet_Tutore\ilmimf.pdb'; linking object as if no debug info
     1>IlmImf.lib(ImfRleCompressor.obj) : warning LNK4099: PDB 'ilmimf.pdb' was not found with 'IlmImf.lib(ImfRleCompressor.obj)' or at 'C:\Users\Othmanos\Desktop\Projet_Tutore\ilmimf.pdb'; linking object as if no debug info
     1>IlmImf.lib(ImfScanLineInputFile.obj) : warning LNK4099: PDB 'ilmimf.pdb' was not found with 'IlmImf.lib(ImfScanLineInputFile.obj)' or at 'C:\Users\Othmanos\Desktop\Projet_Tutore\ilmimf.pdb'; linking object as if no debug info
     1>IlmImf.lib(ImfStandardAttributes.obj) : warning LNK4099: PDB 'ilmimf.pdb' was not found with 'IlmImf.lib(ImfStandardAttributes.obj)' or at 'C:\Users\Othmanos\Desktop\Projet_Tutore\ilmimf.pdb'; linking object as if no debug info
     1>IlmImf.lib(ImfStdIO.obj) : warning LNK4099: PDB 'ilmimf.pdb' was not found with 'IlmImf.lib(ImfStdIO.obj)' or at 'C:\Users\Othmanos\Desktop\Projet_Tutore\ilmimf.pdb'; linking object as if no debug info
     1>IlmImf.lib(ImfStringAttribute.obj) : warning LNK4099: PDB 'ilmimf.pdb' was not found with 'IlmImf.lib(ImfStringAttribute.obj)' or at 'C:\Users\Othmanos\Desktop\Projet_Tutore\ilmimf.pdb'; linking object as if no debug info
     1>IlmImf.lib(ImfStringVectorAttribute.obj) : warning LNK4099: PDB 'ilmimf.pdb' was not found with 'IlmImf.lib(ImfStringVectorAttribute.obj)' or at 'C:\Users\Othmanos\Desktop\Projet_Tutore\ilmimf.pdb'; linking object as if no debug info
     1>IlmImf.lib(ImfThreading.obj) : warning LNK4099: PDB 'ilmimf.pdb' was not found with 'IlmImf.lib(ImfThreading.obj)' or at 'C:\Users\Othmanos\Desktop\Projet_Tutore\ilmimf.pdb'; linking object as if no debug info
     1>IlmImf.lib(ImfTileDescriptionAttribute.obj) : warning LNK4099: PDB 'ilmimf.pdb' was not found with 'IlmImf.lib(ImfTileDescriptionAttribute.obj)' or at 'C:\Users\Othmanos\Desktop\Projet_Tutore\ilmimf.pdb'; linking object as if no debug info
     1>IlmImf.lib(ImfTiledInputFile.obj) : warning LNK4099: PDB 'ilmimf.pdb' was not found with 'IlmImf.lib(ImfTiledInputFile.obj)' or at 'C:\Users\Othmanos\Desktop\Projet_Tutore\ilmimf.pdb'; linking object as if no debug info
     1>IlmImf.lib(ImfTiledMisc.obj) : warning LNK4099: PDB 'ilmimf.pdb' was not found with 'IlmImf.lib(ImfTiledMisc.obj)' or at 'C:\Users\Othmanos\Desktop\Projet_Tutore\ilmimf.pdb'; linking object as if no debug info
     1>IlmImf.lib(ImfTileOffsets.obj) : warning LNK4099: PDB 'ilmimf.pdb' was not found with 'IlmImf.lib(ImfTileOffsets.obj)' or at 'C:\Users\Othmanos\Desktop\Projet_Tutore\ilmimf.pdb'; linking object as if no debug info
     1>IlmImf.lib(ImfTimeCode.obj) : warning LNK4099: PDB 'ilmimf.pdb' was not found with 'IlmImf.lib(ImfTimeCode.obj)' or at 'C:\Users\Othmanos\Desktop\Projet_Tutore\ilmimf.pdb'; linking object as if no debug info
     1>IlmImf.lib(ImfTimeCodeAttribute.obj) : warning LNK4099: PDB 'ilmimf.pdb' was not found with 'IlmImf.lib(ImfTimeCodeAttribute.obj)' or at 'C:\Users\Othmanos\Desktop\Projet_Tutore\ilmimf.pdb'; linking object as if no debug info
     1>IlmImf.lib(ImfVecAttribute.obj) : warning LNK4099: PDB 'ilmimf.pdb' was not found with 'IlmImf.lib(ImfVecAttribute.obj)' or at 'C:\Users\Othmanos\Desktop\Projet_Tutore\ilmimf.pdb'; linking object as if no debug info
     1>IlmImf.lib(ImfWav.obj) : warning LNK4099: PDB 'ilmimf.pdb' was not found with 'IlmImf.lib(ImfWav.obj)' or at 'C:\Users\Othmanos\Desktop\Projet_Tutore\ilmimf.pdb'; linking object as if no debug info
     1>IlmImf.lib(ImfZipCompressor.obj) : warning LNK4099: PDB 'ilmimf.pdb' was not found with 'IlmImf.lib(ImfZipCompressor.obj)' or at 'C:\Users\Othmanos\Desktop\Projet_Tutore\ilmimf.pdb'; linking object as if no debug info
     1>libjasper.lib(jas_cm.obj) : warning LNK4099: PDB 'libjasper.pdb' was not found with 'libjasper.lib(jas_cm.obj)' or at 'C:\Users\Othmanos\Desktop\Projet_Tutore\libjasper.pdb'; linking object as if no debug info
     1>libjasper.lib(jas_debug.obj) : warning LNK4099: PDB 'libjasper.pdb' was not found with 'libjasper.lib(jas_debug.obj)' or at 'C:\Users\Othmanos\Desktop\Projet_Tutore\libjasper.pdb'; linking object as if no debug info
     1>libjasper.lib(jas_icc.obj) : warning LNK4099: PDB 'libjasper.pdb' was not found with 'libjasper.lib(jas_icc.obj)' or at 'C:\Users\Othmanos\Desktop\Projet_Tutore\libjasper.pdb'; linking object as if no debug info
     1>libjasper.lib(jas_iccdata.obj) : warning LNK4099: PDB 'libjasper.pdb' was not found with 'libjasper.lib(jas_iccdata.obj)' or at 'C:\Users\Othmanos\Desktop\Projet_Tutore\libjasper.pdb'; linking object as if no debug info
     1>libjasper.lib(jas_image.obj) : warning LNK4099: PDB 'libjasper.pdb' was not found with 'libjasper.lib(jas_image.obj)' or at 'C:\Users\Othmanos\Desktop\Projet_Tutore\libjasper.pdb'; linking object as if no debug info
     1>libjasper.lib(jas_init.obj) : warning LNK4099: PDB 'libjasper.pdb' was not found with 'libjasper.lib(jas_init.obj)' or at 'C:\Users\Othmanos\Desktop\Projet_Tutore\libjasper.pdb'; linking object as if no debug info
     1>libjasper.lib(jas_malloc.obj) : warning LNK4099: PDB 'libjasper.pdb' was not found with 'libjasper.lib(jas_malloc.obj)' or at 'C:\Users\Othmanos\Desktop\Projet_Tutore\libjasper.pdb'; linking object as if no debug info
     1>libjasper.lib(jas_seq.obj) : warning LNK4099: PDB 'libjasper.pdb' was not found with 'libjasper.lib(jas_seq.obj)' or at 'C:\Users\Othmanos\Desktop\Projet_Tutore\libjasper.pdb'; linking object as if no debug info
     1>libjasper.lib(jas_stream.obj) : warning LNK4099: PDB 'libjasper.pdb' was not found with 'libjasper.lib(jas_stream.obj)' or at 'C:\Users\Othmanos\Desktop\Projet_Tutore\libjasper.pdb'; linking object as if no debug info
     1>libjasper.lib(jas_string.obj) : warning LNK4099: PDB 'libjasper.pdb' was not found with 'libjasper.lib(jas_string.obj)' or at 'C:\Users\Othmanos\Desktop\Projet_Tutore\libjasper.pdb'; linking object as if no debug info
     1>libjasper.lib(jas_tvp.obj) : warning LNK4099: PDB 'libjasper.pdb' was not found with 'libjasper.lib(jas_tvp.obj)' or at 'C:\Users\Othmanos\Desktop\Projet_Tutore\libjasper.pdb'; linking object as if no debug info
     1>libjasper.lib(jas_version.obj) : warning LNK4099: PDB 'libjasper.pdb' was not found with 'libjasper.lib(jas_version.obj)' or at 'C:\Users\Othmanos\Desktop\Projet_Tutore\libjasper.pdb'; linking object as if no debug info
     1>libjasper.lib(jp2_cod.obj) : warning LNK4099: PDB 'libjasper.pdb' was not found with 'libjasper.lib(jp2_cod.obj)' or at 'C:\Users\Othmanos\Desktop\Projet_Tutore\libjasper.pdb'; linking object as if no debug info
     1>libjasper.lib(jp2_dec.obj) : warning LNK4099: PDB 'libjasper.pdb' was not found with 'libjasper.lib(jp2_dec.obj)' or at 'C:\Users\Othmanos\Desktop\Projet_Tutore\libjasper.pdb'; linking object as if no debug info
     1>libjasper.lib(jp2_enc.obj) : warning LNK4099: PDB 'libjasper.pdb' was not found with 'libjasper.lib(jp2_enc.obj)' or at 'C:\Users\Othmanos\Desktop\Projet_Tutore\libjasper.pdb'; linking object as if no debug info
     1>libjasper.lib(jpc_bs.obj) : warning LNK4099: PDB 'libjasper.pdb' was not found with 'libjasper.lib(jpc_bs.obj)' or at 'C:\Users\Othmanos\Desktop\Projet_Tutore\libjasper.pdb'; linking object as if no debug info
     1>libjasper.lib(jpc_cs.obj) : warning LNK4099: PDB 'libjasper.pdb' was not found with 'libjasper.lib(jpc_cs.obj)' or at 'C:\Users\Othmanos\Desktop\Projet_Tutore\libjasper.pdb'; linking object as if no debug info
     1>libjasper.lib(jpc_dec.obj) : warning LNK4099: PDB 'libjasper.pdb' was not found with 'libjasper.lib(jpc_dec.obj)' or at 'C:\Users\Othmanos\Desktop\Projet_Tutore\libjasper.pdb'; linking object as if no debug info
     1>libjasper.lib(jpc_enc.obj) : warning LNK4099: PDB 'libjasper.pdb' was not found with 'libjasper.lib(jpc_enc.obj)' or at 'C:\Users\Othmanos\Desktop\Projet_Tutore\libjasper.pdb'; linking object as if no debug info
     1>libjasper.lib(jpc_math.obj) : warning LNK4099: PDB 'libjasper.pdb' was not found with 'libjasper.lib(jpc_math.obj)' or at 'C:\Users\Othmanos\Desktop\Projet_Tutore\libjasper.pdb'; linking object as if no debug info
     1>libjasper.lib(jpc_mct.obj) : warning LNK4099: PDB 'libjasper.pdb' was not found with 'libjasper.lib(jpc_mct.obj)' or at 'C:\Users\Othmanos\Desktop\Projet_Tutore\libjasper.pdb'; linking object as if no debug info
     1>libjasper.lib(jpc_mqcod.obj) : warning LNK4099: PDB 'libjasper.pdb' was not found with 'libjasper.lib(jpc_mqcod.obj)' or at 'C:\Users\Othmanos\Desktop\Projet_Tutore\libjasper.pdb'; linking object as if no debug info
     1>libjasper.lib(jpc_mqdec.obj) : warning LNK4099: PDB 'libjasper.pdb' was not found with 'libjasper.lib(jpc_mqdec.obj)' or at 'C:\Users\Othmanos\Desktop\Projet_Tutore\libjasper.pdb'; linking object as if no debug info
     1>libjasper.lib(jpc_mqenc.obj) : warning LNK4099: PDB 'libjasper.pdb' was not found with 'libjasper.lib(jpc_mqenc.obj)' or at 'C:\Users\Othmanos\Desktop\Projet_Tutore\libjasper.pdb'; linking object as if no debug info
     1>libjasper.lib(jpc_qmfb.obj) : warning LNK4099: PDB 'libjasper.pdb' was not found with 'libjasper.lib(jpc_qmfb.obj)' or at 'C:\Users\Othmanos\Desktop\Projet_Tutore\libjasper.pdb'; linking object as if no debug info
     1>libjasper.lib(jpc_t1cod.obj) : warning LNK4099: PDB 'libjasper.pdb' was not found with 'libjasper.lib(jpc_t1cod.obj)' or at 'C:\Users\Othmanos\Desktop\Projet_Tutore\libjasper.pdb'; linking object as if no debug info
     1>libjasper.lib(jpc_t1dec.obj) : warning LNK4099: PDB 'libjasper.pdb' was not found with 'libjasper.lib(jpc_t1dec.obj)' or at 'C:\Users\Othmanos\Desktop\Projet_Tutore\libjasper.pdb'; linking object as if no debug info
     1>libjasper.lib(jpc_t1enc.obj) : warning LNK4099: PDB 'libjasper.pdb' was not found with 'libjasper.lib(jpc_t1enc.obj)' or at 'C:\Users\Othmanos\Desktop\Projet_Tutore\libjasper.pdb'; linking object as if no debug info
     1>libjasper.lib(jpc_t2cod.obj) : warning LNK4099: PDB 'libjasper.pdb' was not found with 'libjasper.lib(jpc_t2cod.obj)' or at 'C:\Users\Othmanos\Desktop\Projet_Tutore\libjasper.pdb'; linking object as if no debug info
     1>libjasper.lib(jpc_t2dec.obj) : warning LNK4099: PDB 'libjasper.pdb' was not found with 'libjasper.lib(jpc_t2dec.obj)' or at 'C:\Users\Othmanos\Desktop\Projet_Tutore\libjasper.pdb'; linking object as if no debug info
     1>libjasper.lib(jpc_t2enc.obj) : warning LNK4099: PDB 'libjasper.pdb' was not found with 'libjasper.lib(jpc_t2enc.obj)' or at 'C:\Users\Othmanos\Desktop\Projet_Tutore\libjasper.pdb'; linking object as if no debug info
     1>libjasper.lib(jpc_tagtree.obj) : warning LNK4099: PDB 'libjasper.pdb' was not found with 'libjasper.lib(jpc_tagtree.obj)' or at 'C:\Users\Othmanos\Desktop\Projet_Tutore\libjasper.pdb'; linking object as if no debug info
     1>libjasper.lib(jpc_tsfb.obj) : warning LNK4099: PDB 'libjasper.pdb' was not found with 'libjasper.lib(jpc_tsfb.obj)' or at 'C:\Users\Othmanos\Desktop\Projet_Tutore\libjasper.pdb'; linking object as if no debug info
     1>libjasper.lib(jpc_util.obj) : warning LNK4099: PDB 'libjasper.pdb' was not found with 'libjasper.lib(jpc_util.obj)' or at 'C:\Users\Othmanos\Desktop\Projet_Tutore\libjasper.pdb'; linking object as if no debug info
     1>libjpeg.lib(jcapimin.obj) : warning LNK4099: PDB 'libjpeg.pdb' was not found with 'libjpeg.lib(jcapimin.obj)' or at 'C:\Users\Othmanos\Desktop\Projet_Tutore\libjpeg.pdb'; linking object as if no debug info
     1>libjpeg.lib(jcapistd.obj) : warning LNK4099: PDB 'libjpeg.pdb' was not found with 'libjpeg.lib(jcapistd.obj)' or at 'C:\Users\Othmanos\Desktop\Projet_Tutore\libjpeg.pdb'; linking object as if no debug info
     1>libjpeg.lib(jccoefct.obj) : warning LNK4099: PDB 'libjpeg.pdb' was not found with 'libjpeg.lib(jccoefct.obj)' or at 'C:\Users\Othmanos\Desktop\Projet_Tutore\libjpeg.pdb'; linking object as if no debug info
     1>libjpeg.lib(jccolor.obj) : warning LNK4099: PDB 'libjpeg.pdb' was not found with 'libjpeg.lib(jccolor.obj)' or at 'C:\Users\Othmanos\Desktop\Projet_Tutore\libjpeg.pdb'; linking object as if no debug info
     1>libjpeg.lib(jcdctmgr.obj) : warning LNK4099: PDB 'libjpeg.pdb' was not found with 'libjpeg.lib(jcdctmgr.obj)' or at 'C:\Users\Othmanos\Desktop\Projet_Tutore\libjpeg.pdb'; linking object as if no debug info
     1>libjpeg.lib(jchuff.obj) : warning LNK4099: PDB 'libjpeg.pdb' was not found with 'libjpeg.lib(jchuff.obj)' or at 'C:\Users\Othmanos\Desktop\Projet_Tutore\libjpeg.pdb'; linking object as if no debug info
     1>libjpeg.lib(jcinit.obj) : warning LNK4099: PDB 'libjpeg.pdb' was not found with 'libjpeg.lib(jcinit.obj)' or at 'C:\Users\Othmanos\Desktop\Projet_Tutore\libjpeg.pdb'; linking object as if no debug info
     1>libjpeg.lib(jcmainct.obj) : warning LNK4099: PDB 'libjpeg.pdb' was not found with 'libjpeg.lib(jcmainct.obj)' or at 'C:\Users\Othmanos\Desktop\Projet_Tutore\libjpeg.pdb'; linking object as if no debug info
     1>libjpeg.lib(jcmarker.obj) : warning LNK4099: PDB 'libjpeg.pdb' was not found with 'libjpeg.lib(jcmarker.obj)' or at 'C:\Users\Othmanos\Desktop\Projet_Tutore\libjpeg.pdb'; linking object as if no debug info
     1>libjpeg.lib(jcmaster.obj) : warning LNK4099: PDB 'libjpeg.pdb' was not found with 'libjpeg.lib(jcmaster.obj)' or at 'C:\Users\Othmanos\Desktop\Projet_Tutore\libjpeg.pdb'; linking object as if no debug info
     1>libjpeg.lib(jcomapi.obj) : warning LNK4099: PDB 'libjpeg.pdb' was not found with 'libjpeg.lib(jcomapi.obj)' or at 'C:\Users\Othmanos\Desktop\Projet_Tutore\libjpeg.pdb'; linking object as if no debug info
     1>libjpeg.lib(jcparam.obj) : warning LNK4099: PDB 'libjpeg.pdb' was not found with 'libjpeg.lib(jcparam.obj)' or at 'C:\Users\Othmanos\Desktop\Projet_Tutore\libjpeg.pdb'; linking object as if no debug info
     1>libjpeg.lib(jcphuff.obj) : warning LNK4099: PDB 'libjpeg.pdb' was not found with 'libjpeg.lib(jcphuff.obj)' or at 'C:\Users\Othmanos\Desktop\Projet_Tutore\libjpeg.pdb'; linking object as if no debug info
     1>libjpeg.lib(jcprepct.obj) : warning LNK4099: PDB 'libjpeg.pdb' was not found with 'libjpeg.lib(jcprepct.obj)' or at 'C:\Users\Othmanos\Desktop\Projet_Tutore\libjpeg.pdb'; linking object as if no debug info
     1>libjpeg.lib(jcsample.obj) : warning LNK4099: PDB 'libjpeg.pdb' was not found with 'libjpeg.lib(jcsample.obj)' or at 'C:\Users\Othmanos\Desktop\Projet_Tutore\libjpeg.pdb'; linking object as if no debug info
     1>libjpeg.lib(jdapimin.obj) : warning LNK4099: PDB 'libjpeg.pdb' was not found with 'libjpeg.lib(jdapimin.obj)' or at 'C:\Users\Othmanos\Desktop\Projet_Tutore\libjpeg.pdb'; linking object as if no debug info
     1>libjpeg.lib(jdapistd.obj) : warning LNK4099: PDB 'libjpeg.pdb' was not found with 'libjpeg.lib(jdapistd.obj)' or at 'C:\Users\Othmanos\Desktop\Projet_Tutore\libjpeg.pdb'; linking object as if no debug info
     1>libjpeg.lib(jdatadst.obj) : warning LNK4099: PDB 'libjpeg.pdb' was not found with 'libjpeg.lib(jdatadst.obj)' or at 'C:\Users\Othmanos\Desktop\Projet_Tutore\libjpeg.pdb'; linking object as if no debug info
     1>libjpeg.lib(jdatasrc.obj) : warning LNK4099: PDB 'libjpeg.pdb' was not found with 'libjpeg.lib(jdatasrc.obj)' or at 'C:\Users\Othmanos\Desktop\Projet_Tutore\libjpeg.pdb'; linking object as if no debug info
     1>libjpeg.lib(jdcoefct.obj) : warning LNK4099: PDB 'libjpeg.pdb' was not found with 'libjpeg.lib(jdcoefct.obj)' or at 'C:\Users\Othmanos\Desktop\Projet_Tutore\libjpeg.pdb'; linking object as if no debug info
     1>libjpeg.lib(jdcolor.obj) : warning LNK4099: PDB 'libjpeg.pdb' was not found with 'libjpeg.lib(jdcolor.obj)' or at 'C:\Users\Othmanos\Desktop\Projet_Tutore\libjpeg.pdb'; linking object as if no debug info
     1>libjpeg.lib(jddctmgr.obj) : warning LNK4099: PDB 'libjpeg.pdb' was not found with 'libjpeg.lib(jddctmgr.obj)' or at 'C:\Users\Othmanos\Desktop\Projet_Tutore\libjpeg.pdb'; linking object as if no debug info
     1>libjpeg.lib(jdhuff.obj) : warning LNK4099: PDB 'libjpeg.pdb' was not found with 'libjpeg.lib(jdhuff.obj)' or at 'C:\Users\Othmanos\Desktop\Projet_Tutore\libjpeg.pdb'; linking object as if no debug info
     1>libjpeg.lib(jdinput.obj) : warning LNK4099: PDB 'libjpeg.pdb' was not found with 'libjpeg.lib(jdinput.obj)' or at 'C:\Users\Othmanos\Desktop\Projet_Tutore\libjpeg.pdb'; linking object as if no debug info
     1>libjpeg.lib(jdmainct.obj) : warning LNK4099: PDB 'libjpeg.pdb' was not found with 'libjpeg.lib(jdmainct.obj)' or at 'C:\Users\Othmanos\Desktop\Projet_Tutore\libjpeg.pdb'; linking object as if no debug info
     1>libjpeg.lib(jdmarker.obj) : warning LNK4099: PDB 'libjpeg.pdb' was not found with 'libjpeg.lib(jdmarker.obj)' or at 'C:\Users\Othmanos\Desktop\Projet_Tutore\libjpeg.pdb'; linking object as if no debug info
     1>libjpeg.lib(jdmaster.obj) : warning LNK4099: PDB 'libjpeg.pdb' was not found with 'libjpeg.lib(jdmaster.obj)' or at 'C:\Users\Othmanos\Desktop\Projet_Tutore\libjpeg.pdb'; linking object as if no debug info
     1>libjpeg.lib(jdmerge.obj) : warning LNK4099: PDB 'libjpeg.pdb' was not found with 'libjpeg.lib(jdmerge.obj)' or at 'C:\Users\Othmanos\Desktop\Projet_Tutore\libjpeg.pdb'; linking object as if no debug info
     1>libjpeg.lib(jdphuff.obj) : warning LNK4099: PDB 'libjpeg.pdb' was not found with 'libjpeg.lib(jdphuff.obj)' or at 'C:\Users\Othmanos\Desktop\Projet_Tutore\libjpeg.pdb'; linking object as if no debug info
     1>libjpeg.lib(jdpostct.obj) : warning LNK4099: PDB 'libjpeg.pdb' was not found with 'libjpeg.lib(jdpostct.obj)' or at 'C:\Users\Othmanos\Desktop\Projet_Tutore\libjpeg.pdb'; linking object as if no debug info
     1>libjpeg.lib(jdsample.obj) : warning LNK4099: PDB 'libjpeg.pdb' was not found with 'libjpeg.lib(jdsample.obj)' or at 'C:\Users\Othmanos\Desktop\Projet_Tutore\libjpeg.pdb'; linking object as if no debug info
     1>libjpeg.lib(jerror.obj) : warning LNK4099: PDB 'libjpeg.pdb' was not found with 'libjpeg.lib(jerror.obj)' or at 'C:\Users\Othmanos\Desktop\Projet_Tutore\libjpeg.pdb'; linking object as if no debug info
     1>libjpeg.lib(jfdctflt.obj) : warning LNK4099: PDB 'libjpeg.pdb' was not found with 'libjpeg.lib(jfdctflt.obj)' or at 'C:\Users\Othmanos\Desktop\Projet_Tutore\libjpeg.pdb'; linking object as if no debug info
     1>libjpeg.lib(jfdctfst.obj) : warning LNK4099: PDB 'libjpeg.pdb' was not found with 'libjpeg.lib(jfdctfst.obj)' or at 'C:\Users\Othmanos\Desktop\Projet_Tutore\libjpeg.pdb'; linking object as if no debug info
     1>libjpeg.lib(jfdctint.obj) : warning LNK4099: PDB 'libjpeg.pdb' was not found with 'libjpeg.lib(jfdctint.obj)' or at 'C:\Users\Othmanos\Desktop\Projet_Tutore\libjpeg.pdb'; linking object as if no debug info
     1>libjpeg.lib(jidctflt.obj) : warning LNK4099: PDB 'libjpeg.pdb' was not found with 'libjpeg.lib(jidctflt.obj)' or at 'C:\Users\Othmanos\Desktop\Projet_Tutore\libjpeg.pdb'; linking object as if no debug info
     1>libjpeg.lib(jidctfst.obj) : warning LNK4099: PDB 'libjpeg.pdb' was not found with 'libjpeg.lib(jidctfst.obj)' or at 'C:\Users\Othmanos\Desktop\Projet_Tutore\libjpeg.pdb'; linking object as if no debug info
     1>libjpeg.lib(jidctint.obj) : warning LNK4099: PDB 'libjpeg.pdb' was not found with 'libjpeg.lib(jidctint.obj)' or at 'C:\Users\Othmanos\Desktop\Projet_Tutore\libjpeg.pdb'; linking object as if no debug info
     1>libjpeg.lib(jidctred.obj) : warning LNK4099: PDB 'libjpeg.pdb' was not found with 'libjpeg.lib(jidctred.obj)' or at 'C:\Users\Othmanos\Desktop\Projet_Tutore\libjpeg.pdb'; linking object as if no debug info
     1>libjpeg.lib(jmemansi.obj) : warning LNK4099: PDB 'libjpeg.pdb' was not found with 'libjpeg.lib(jmemansi.obj)' or at 'C:\Users\Othmanos\Desktop\Projet_Tutore\libjpeg.pdb'; linking object as if no debug info
     1>libjpeg.lib(jmemmgr.obj) : warning LNK4099: PDB 'libjpeg.pdb' was not found with 'libjpeg.lib(jmemmgr.obj)' or at 'C:\Users\Othmanos\Desktop\Projet_Tutore\libjpeg.pdb'; linking object as if no debug info
     1>libjpeg.lib(jquant1.obj) : warning LNK4099: PDB 'libjpeg.pdb' was not found with 'libjpeg.lib(jquant1.obj)' or at 'C:\Users\Othmanos\Desktop\Projet_Tutore\libjpeg.pdb'; linking object as if no debug info
     1>libjpeg.lib(jquant2.obj) : warning LNK4099: PDB 'libjpeg.pdb' was not found with 'libjpeg.lib(jquant2.obj)' or at 'C:\Users\Othmanos\Desktop\Projet_Tutore\libjpeg.pdb'; linking object as if no debug info
     1>libjpeg.lib(jutils.obj) : warning LNK4099: PDB 'libjpeg.pdb' was not found with 'libjpeg.lib(jutils.obj)' or at 'C:\Users\Othmanos\Desktop\Projet_Tutore\libjpeg.pdb'; linking object as if no debug info
     1>libpng.lib(png.obj) : warning LNK4099: PDB 'libpng.pdb' was not found with 'libpng.lib(png.obj)' or at 'C:\Users\Othmanos\Desktop\Projet_Tutore\libpng.pdb'; linking object as if no debug info
     1>libpng.lib(pngerror.obj) : warning LNK4099: PDB 'libpng.pdb' was not found with 'libpng.lib(pngerror.obj)' or at 'C:\Users\Othmanos\Desktop\Projet_Tutore\libpng.pdb'; linking object as if no debug info
     1>libpng.lib(pngget.obj) : warning LNK4099: PDB 'libpng.pdb' was not found with 'libpng.lib(pngget.obj)' or at 'C:\Users\Othmanos\Desktop\Projet_Tutore\libpng.pdb'; linking object as if no debug info
     1>libpng.lib(pngmem.obj) : warning LNK4099: PDB 'libpng.pdb' was not found with 'libpng.lib(pngmem.obj)' or at 'C:\Users\Othmanos\Desktop\Projet_Tutore\libpng.pdb'; linking object as if no debug info
     1>libpng.lib(pngread.obj) : warning LNK4099: PDB 'libpng.pdb' was not found with 'libpng.lib(pngread.obj)' or at 'C:\Users\Othmanos\Desktop\Projet_Tutore\libpng.pdb'; linking object as if no debug info
     1>libpng.lib(pngrio.obj) : warning LNK4099: PDB 'libpng.pdb' was not found with 'libpng.lib(pngrio.obj)' or at 'C:\Users\Othmanos\Desktop\Projet_Tutore\libpng.pdb'; linking object as if no debug info
     1>libpng.lib(pngrtran.obj) : warning LNK4099: PDB 'libpng.pdb' was not found with 'libpng.lib(pngrtran.obj)' or at 'C:\Users\Othmanos\Desktop\Projet_Tutore\libpng.pdb'; linking object as if no debug info
     1>libpng.lib(pngrutil.obj) : warning LNK4099: PDB 'libpng.pdb' was not found with 'libpng.lib(pngrutil.obj)' or at 'C:\Users\Othmanos\Desktop\Projet_Tutore\libpng.pdb'; linking object as if no debug info
     1>libpng.lib(pngset.obj) : warning LNK4099: PDB 'libpng.pdb' was not found with 'libpng.lib(pngset.obj)' or at 'C:\Users\Othmanos\Desktop\Projet_Tutore\libpng.pdb'; linking object as if no debug info
     1>libpng.lib(pngtrans.obj) : warning LNK4099: PDB 'libpng.pdb' was not found with 'libpng.lib(pngtrans.obj)' or at 'C:\Users\Othmanos\Desktop\Projet_Tutore\libpng.pdb'; linking object as if no debug info
     1>libpng.lib(pngwio.obj) : warning LNK4099: PDB 'libpng.pdb' was not found with 'libpng.lib(pngwio.obj)' or at 'C:\Users\Othmanos\Desktop\Projet_Tutore\libpng.pdb'; linking object as if no debug info
     1>libpng.lib(pngwrite.obj) : warning LNK4099: PDB 'libpng.pdb' was not found with 'libpng.lib(pngwrite.obj)' or at 'C:\Users\Othmanos\Desktop\Projet_Tutore\libpng.pdb'; linking object as if no debug info
     1>libpng.lib(pngwtran.obj) : warning LNK4099: PDB 'libpng.pdb' was not found with 'libpng.lib(pngwtran.obj)' or at 'C:\Users\Othmanos\Desktop\Projet_Tutore\libpng.pdb'; linking object as if no debug info
     1>libpng.lib(pngwutil.obj) : warning LNK4099: PDB 'libpng.pdb' was not found with 'libpng.lib(pngwutil.obj)' or at 'C:\Users\Othmanos\Desktop\Projet_Tutore\libpng.pdb'; linking object as if no debug info
     1>libtiff.lib(tif_aux.obj) : warning LNK4099: PDB 'libtiff.pdb' was not found with 'libtiff.lib(tif_aux.obj)' or at 'C:\Users\Othmanos\Desktop\Projet_Tutore\libtiff.pdb'; linking object as if no debug info
     1>libtiff.lib(tif_close.obj) : warning LNK4099: PDB 'libtiff.pdb' was not found with 'libtiff.lib(tif_close.obj)' or at 'C:\Users\Othmanos\Desktop\Projet_Tutore\libtiff.pdb'; linking object as if no debug info
     1>libtiff.lib(tif_codec.obj) : warning LNK4099: PDB 'libtiff.pdb' was not found with 'libtiff.lib(tif_codec.obj)' or at 'C:\Users\Othmanos\Desktop\Projet_Tutore\libtiff.pdb'; linking object as if no debug info
     1>libtiff.lib(tif_color.obj) : warning LNK4099: PDB 'libtiff.pdb' was not found with 'libtiff.lib(tif_color.obj)' or at 'C:\Users\Othmanos\Desktop\Projet_Tutore\libtiff.pdb'; linking object as if no debug info
     1>libtiff.lib(tif_compress.obj) : warning LNK4099: PDB 'libtiff.pdb' was not found with 'libtiff.lib(tif_compress.obj)' or at 'C:\Users\Othmanos\Desktop\Projet_Tutore\libtiff.pdb'; linking object as if no debug info
     1>libtiff.lib(tif_dir.obj) : warning LNK4099: PDB 'libtiff.pdb' was not found with 'libtiff.lib(tif_dir.obj)' or at 'C:\Users\Othmanos\Desktop\Projet_Tutore\libtiff.pdb'; linking object as if no debug info
     1>libtiff.lib(tif_dirinfo.obj) : warning LNK4099: PDB 'libtiff.pdb' was not found with 'libtiff.lib(tif_dirinfo.obj)' or at 'C:\Users\Othmanos\Desktop\Projet_Tutore\libtiff.pdb'; linking object as if no debug info
     1>libtiff.lib(tif_dirread.obj) : warning LNK4099: PDB 'libtiff.pdb' was not found with 'libtiff.lib(tif_dirread.obj)' or at 'C:\Users\Othmanos\Desktop\Projet_Tutore\libtiff.pdb'; linking object as if no debug info
     1>libtiff.lib(tif_dirwrite.obj) : warning LNK4099: PDB 'libtiff.pdb' was not found with 'libtiff.lib(tif_dirwrite.obj)' or at 'C:\Users\Othmanos\Desktop\Projet_Tutore\libtiff.pdb'; linking object as if no debug info
     1>libtiff.lib(tif_dumpmode.obj) : warning LNK4099: PDB 'libtiff.pdb' was not found with 'libtiff.lib(tif_dumpmode.obj)' or at 'C:\Users\Othmanos\Desktop\Projet_Tutore\libtiff.pdb'; linking object as if no debug info
     1>libtiff.lib(tif_error.obj) : warning LNK4099: PDB 'libtiff.pdb' was not found with 'libtiff.lib(tif_error.obj)' or at 'C:\Users\Othmanos\Desktop\Projet_Tutore\libtiff.pdb'; linking object as if no debug info
     1>libtiff.lib(tif_fax3.obj) : warning LNK4099: PDB 'libtiff.pdb' was not found with 'libtiff.lib(tif_fax3.obj)' or at 'C:\Users\Othmanos\Desktop\Projet_Tutore\libtiff.pdb'; linking object as if no debug info
     1>libtiff.lib(tif_fax3sm.obj) : warning LNK4099: PDB 'libtiff.pdb' was not found with 'libtiff.lib(tif_fax3sm.obj)' or at 'C:\Users\Othmanos\Desktop\Projet_Tutore\libtiff.pdb'; linking object as if no debug info
     1>libtiff.lib(tif_flush.obj) : warning LNK4099: PDB 'libtiff.pdb' was not found with 'libtiff.lib(tif_flush.obj)' or at 'C:\Users\Othmanos\Desktop\Projet_Tutore\libtiff.pdb'; linking object as if no debug info
     1>libtiff.lib(tif_getimage.obj) : warning LNK4099: PDB 'libtiff.pdb' was not found with 'libtiff.lib(tif_getimage.obj)' or at 'C:\Users\Othmanos\Desktop\Projet_Tutore\libtiff.pdb'; linking object as if no debug info
     1>libtiff.lib(tif_luv.obj) : warning LNK4099: PDB 'libtiff.pdb' was not found with 'libtiff.lib(tif_luv.obj)' or at 'C:\Users\Othmanos\Desktop\Projet_Tutore\libtiff.pdb'; linking object as if no debug info
     1>libtiff.lib(tif_lzw.obj) : warning LNK4099: PDB 'libtiff.pdb' was not found with 'libtiff.lib(tif_lzw.obj)' or at 'C:\Users\Othmanos\Desktop\Projet_Tutore\libtiff.pdb'; linking object as if no debug info
     1>libtiff.lib(tif_next.obj) : warning LNK4099: PDB 'libtiff.pdb' was not found with 'libtiff.lib(tif_next.obj)' or at 'C:\Users\Othmanos\Desktop\Projet_Tutore\libtiff.pdb'; linking object as if no debug info
     1>libtiff.lib(tif_open.obj) : warning LNK4099: PDB 'libtiff.pdb' was not found with 'libtiff.lib(tif_open.obj)' or at 'C:\Users\Othmanos\Desktop\Projet_Tutore\libtiff.pdb'; linking object as if no debug info
     1>libtiff.lib(tif_packbits.obj) : warning LNK4099: PDB 'libtiff.pdb' was not found with 'libtiff.lib(tif_packbits.obj)' or at 'C:\Users\Othmanos\Desktop\Projet_Tutore\libtiff.pdb'; linking object as if no debug info
     1>libtiff.lib(tif_pixarlog.obj) : warning LNK4099: PDB 'libtiff.pdb' was not found with 'libtiff.lib(tif_pixarlog.obj)' or at 'C:\Users\Othmanos\Desktop\Projet_Tutore\libtiff.pdb'; linking object as if no debug info
     1>libtiff.lib(tif_predict.obj) : warning LNK4099: PDB 'libtiff.pdb' was not found with 'libtiff.lib(tif_predict.obj)' or at 'C:\Users\Othmanos\Desktop\Projet_Tutore\libtiff.pdb'; linking object as if no debug info
     1>libtiff.lib(tif_read.obj) : warning LNK4099: PDB 'libtiff.pdb' was not found with 'libtiff.lib(tif_read.obj)' or at 'C:\Users\Othmanos\Desktop\Projet_Tutore\libtiff.pdb'; linking object as if no debug info
     1>libtiff.lib(tif_strip.obj) : warning LNK4099: PDB 'libtiff.pdb' was not found with 'libtiff.lib(tif_strip.obj)' or at 'C:\Users\Othmanos\Desktop\Projet_Tutore\libtiff.pdb'; linking object as if no debug info
     1>libtiff.lib(tif_swab.obj) : warning LNK4099: PDB 'libtiff.pdb' was not found with 'libtiff.lib(tif_swab.obj)' or at 'C:\Users\Othmanos\Desktop\Projet_Tutore\libtiff.pdb'; linking object as if no debug info
     1>libtiff.lib(tif_thunder.obj) : warning LNK4099: PDB 'libtiff.pdb' was not found with 'libtiff.lib(tif_thunder.obj)' or at 'C:\Users\Othmanos\Desktop\Projet_Tutore\libtiff.pdb'; linking object as if no debug info
     1>libtiff.lib(tif_tile.obj) : warning LNK4099: PDB 'libtiff.pdb' was not found with 'libtiff.lib(tif_tile.obj)' or at 'C:\Users\Othmanos\Desktop\Projet_Tutore\libtiff.pdb'; linking object as if no debug info
     1>libtiff.lib(tif_warning.obj) : warning LNK4099: PDB 'libtiff.pdb' was not found with 'libtiff.lib(tif_warning.obj)' or at 'C:\Users\Othmanos\Desktop\Projet_Tutore\libtiff.pdb'; linking object as if no debug info
     1>libtiff.lib(tif_write.obj) : warning LNK4099: PDB 'libtiff.pdb' was not found with 'libtiff.lib(tif_write.obj)' or at 'C:\Users\Othmanos\Desktop\Projet_Tutore\libtiff.pdb'; linking object as if no debug info
     1>libtiff.lib(tif_zip.obj) : warning LNK4099: PDB 'libtiff.pdb' was not found with 'libtiff.lib(tif_zip.obj)' or at 'C:\Users\Othmanos\Desktop\Projet_Tutore\libtiff.pdb'; linking object as if no debug info
     1>libtiff.lib(tif_win32.obj) : warning LNK4099: PDB 'libtiff.pdb' was not found with 'libtiff.lib(tif_win32.obj)' or at 'C:\Users\Othmanos\Desktop\Projet_Tutore\libtiff.pdb'; linking object as if no debug info
     1>opencv_core2410.lib(alloc.obj) : warning LNK4099: PDB 'opencv_core2410.pdb' was not found with 'opencv_core2410.lib(alloc.obj)' or at 'C:\Users\Othmanos\Desktop\Projet_Tutore\opencv_core2410.pdb'; linking object as if no debug info
     1>opencv_core2410.lib(arithm.obj) : warning LNK4099: PDB 'opencv_core2410.pdb' was not found with 'opencv_core2410.lib(arithm.obj)' or at 'C:\Users\Othmanos\Desktop\Projet_Tutore\opencv_core2410.pdb'; linking object as if no debug info
     1>opencv_core2410.lib(array.obj) : warning LNK4099: PDB 'opencv_core2410.pdb' was not found with 'opencv_core2410.lib(array.obj)' or at 'C:\Users\Othmanos\Desktop\Projet_Tutore\opencv_core2410.pdb'; linking object as if no debug info
     1>opencv_core2410.lib(convert.obj) : warning LNK4099: PDB 'opencv_core2410.pdb' was not found with 'opencv_core2410.lib(convert.obj)' or at 'C:\Users\Othmanos\Desktop\Projet_Tutore\opencv_core2410.pdb'; linking object as if no debug info
     1>opencv_core2410.lib(copy.obj) : warning LNK4099: PDB 'opencv_core2410.pdb' was not found with 'opencv_core2410.lib(copy.obj)' or at 'C:\Users\Othmanos\Desktop\Projet_Tutore\opencv_core2410.pdb'; linking object as if no debug info
     1>opencv_core2410.lib(datastructs.obj) : warning LNK4099: PDB 'opencv_core2410.pdb' was not found with 'opencv_core2410.lib(datastructs.obj)' or at 'C:\Users\Othmanos\Desktop\Projet_Tutore\opencv_core2410.pdb'; linking object as if no debug info
     1>opencv_core2410.lib(drawing.obj) : warning LNK4099: PDB 'opencv_core2410.pdb' was not found with 'opencv_core2410.lib(drawing.obj)' or at 'C:\Users\Othmanos\Desktop\Projet_Tutore\opencv_core2410.pdb'; linking object as if no debug info
     1>opencv_core2410.lib(dxt.obj) : warning LNK4099: PDB 'opencv_core2410.pdb' was not found with 'opencv_core2410.lib(dxt.obj)' or at 'C:\Users\Othmanos\Desktop\Projet_Tutore\opencv_core2410.pdb'; linking object as if no debug info
     1>opencv_core2410.lib(gpumat.obj) : warning LNK4099: PDB 'opencv_core2410.pdb' was not found with 'opencv_core2410.lib(gpumat.obj)' or at 'C:\Users\Othmanos\Desktop\Projet_Tutore\opencv_core2410.pdb'; linking object as if no debug info
     1>opencv_core2410.lib(lapack.obj) : warning LNK4099: PDB 'opencv_core2410.pdb' was not found with 'opencv_core2410.lib(lapack.obj)' or at 'C:\Users\Othmanos\Desktop\Projet_Tutore\opencv_core2410.pdb'; linking object as if no debug info
     1>opencv_core2410.lib(mathfuncs.obj) : warning LNK4099: PDB 'opencv_core2410.pdb' was not found with 'opencv_core2410.lib(mathfuncs.obj)' or at 'C:\Users\Othmanos\Desktop\Projet_Tutore\opencv_core2410.pdb'; linking object as if no debug info
     1>opencv_core2410.lib(matmul.obj) : warning LNK4099: PDB 'opencv_core2410.pdb' was not found with 'opencv_core2410.lib(matmul.obj)' or at 'C:\Users\Othmanos\Desktop\Projet_Tutore\opencv_core2410.pdb'; linking object as if no debug info
     1>opencv_core2410.lib(matop.obj) : warning LNK4099: PDB 'opencv_core2410.pdb' was not found with 'opencv_core2410.lib(matop.obj)' or at 'C:\Users\Othmanos\Desktop\Projet_Tutore\opencv_core2410.pdb'; linking object as if no debug info
     1>opencv_core2410.lib(matrix.obj) : warning LNK4099: PDB 'opencv_core2410.pdb' was not found with 'opencv_core2410.lib(matrix.obj)' or at 'C:\Users\Othmanos\Desktop\Projet_Tutore\opencv_core2410.pdb'; linking object as if no debug info
     1>opencv_core2410.lib(opengl_interop.obj) : warning LNK4099: PDB 'opencv_core2410.pdb' was not found with 'opencv_core2410.lib(opengl_interop.obj)' or at 'C:\Users\Othmanos\Desktop\Projet_Tutore\opencv_core2410.pdb'; linking object as if no debug info
     1>opencv_core2410.lib(opengl_interop_deprecated.obj) : warning LNK4099: PDB 'opencv_core2410.pdb' was not found with 'opencv_core2410.lib(opengl_interop_deprecated.obj)' or at 'C:\Users\Othmanos\Desktop\Projet_Tutore\opencv_core2410.pdb'; linking object as if no debug info
     1>opencv_core2410.lib(parallel.obj) : warning LNK4099: PDB 'opencv_core2410.pdb' was not found with 'opencv_core2410.lib(parallel.obj)' or at 'C:\Users\Othmanos\Desktop\Projet_Tutore\opencv_core2410.pdb'; linking object as if no debug info
     1>opencv_core2410.lib(persistence.obj) : warning LNK4099: PDB 'opencv_core2410.pdb' was not found with 'opencv_core2410.lib(persistence.obj)' or at 'C:\Users\Othmanos\Desktop\Projet_Tutore\opencv_core2410.pdb'; linking object as if no debug info
     1>opencv_core2410.lib(rand.obj) : warning LNK4099: PDB 'opencv_core2410.pdb' was not found with 'opencv_core2410.lib(rand.obj)' or at 'C:\Users\Othmanos\Desktop\Projet_Tutore\opencv_core2410.pdb'; linking object as if no debug info
     1>opencv_core2410.lib(stat.obj) : warning LNK4099: PDB 'opencv_core2410.pdb' was not found with 'opencv_core2410.lib(stat.obj)' or at 'C:\Users\Othmanos\Desktop\Projet_Tutore\opencv_core2410.pdb'; linking object as if no debug info
     1>opencv_core2410.lib(system.obj) : warning LNK4099: PDB 'opencv_core2410.pdb' was not found with 'opencv_core2410.lib(system.obj)' or at 'C:\Users\Othmanos\Desktop\Projet_Tutore\opencv_core2410.pdb'; linking object as if no debug info
     1>opencv_core2410.lib(tables.obj) : warning LNK4099: PDB 'opencv_core2410.pdb' was not found with 'opencv_core2410.lib(tables.obj)' or at 'C:\Users\Othmanos\Desktop\Projet_Tutore\opencv_core2410.pdb'; linking object as if no debug info
     1>opencv_core2410.lib(opencv_core_pch.obj) : warning LNK4099: PDB 'opencv_core2410.pdb' was not found with 'opencv_core2410.lib(opencv_core_pch.obj)' or at 'C:\Users\Othmanos\Desktop\Projet_Tutore\opencv_core2410.pdb'; linking object as if no debug info
     1>opencv_highgui2410.lib(cap.obj) : warning LNK4099: PDB 'opencv_highgui2410.pdb' was not found with 'opencv_highgui2410.lib(cap.obj)' or at 'C:\Users\Othmanos\Desktop\Projet_Tutore\opencv_highgui2410.pdb'; linking object as if no debug info
     1>opencv_highgui2410.lib(cap_images.obj) : warning LNK4099: PDB 'opencv_highgui2410.pdb' was not found with 'opencv_highgui2410.lib(cap_images.obj)' or at 'C:\Users\Othmanos\Desktop\Projet_Tutore\opencv_highgui2410.pdb'; linking object as if no debug info
     1>opencv_highgui2410.lib(loadsave.obj) : warning LNK4099: PDB 'opencv_highgui2410.pdb' was not found with 'opencv_highgui2410.lib(loadsave.obj)' or at 'C:\Users\Othmanos\Desktop\Projet_Tutore\opencv_highgui2410.pdb'; linking object as if no debug info
     1>opencv_highgui2410.lib(utils.obj) : warning LNK4099: PDB 'opencv_highgui2410.pdb' was not found with 'opencv_highgui2410.lib(utils.obj)' or at 'C:\Users\Othmanos\Desktop\Projet_Tutore\opencv_highgui2410.pdb'; linking object as if no debug info
     1>opencv_highgui2410.lib(window.obj) : warning LNK4099: PDB 'opencv_highgui2410.pdb' was not found with 'opencv_highgui2410.lib(window.obj)' or at 'C:\Users\Othmanos\Desktop\Projet_Tutore\opencv_highgui2410.pdb'; linking object as if no debug info
     1>opencv_highgui2410.lib(window_w32.obj) : warning LNK4099: PDB 'opencv_highgui2410.pdb' was not found with 'opencv_highgui2410.lib(window_w32.obj)' or at 'C:\Users\Othmanos\Desktop\Projet_Tutore\opencv_highgui2410.pdb'; linking object as if no debug info
     1>opencv_highgui2410.lib(cap_dshow.obj) : warning LNK4099: PDB 'opencv_highgui2410.pdb' was not found with 'opencv_highgui2410.lib(cap_dshow.obj)' or at 'C:\Users\Othmanos\Desktop\Projet_Tutore\opencv_highgui2410.pdb'; linking object as if no debug info
     1>opencv_highgui2410.lib(cap_vfw.obj) : warning LNK4099: PDB 'opencv_highgui2410.pdb' was not found with 'opencv_highgui2410.lib(cap_vfw.obj)' or at 'C:\Users\Othmanos\Desktop\Projet_Tutore\opencv_highgui2410.pdb'; linking object as if no debug info
     1>opencv_highgui2410.lib(cap_ffmpeg.obj) : warning LNK4099: PDB 'opencv_highgui2410.pdb' was not found with 'opencv_highgui2410.lib(cap_ffmpeg.obj)' or at 'C:\Users\Othmanos\Desktop\Projet_Tutore\opencv_highgui2410.pdb'; linking object as if no debug info
     1>opencv_highgui2410.lib(grfmt_base.obj) : warning LNK4099: PDB 'opencv_highgui2410.pdb' was not found with 'opencv_highgui2410.lib(grfmt_base.obj)' or at 'C:\Users\Othmanos\Desktop\Projet_Tutore\opencv_highgui2410.pdb'; linking object as if no debug info
     1>opencv_highgui2410.lib(grfmt_bmp.obj) : warning LNK4099: PDB 'opencv_highgui2410.pdb' was not found with 'opencv_highgui2410.lib(grfmt_bmp.obj)' or at 'C:\Users\Othmanos\Desktop\Projet_Tutore\opencv_highgui2410.pdb'; linking object as if no debug info
     1>opencv_highgui2410.lib(grfmt_exr.obj) : warning LNK4099: PDB 'opencv_highgui2410.pdb' was not found with 'opencv_highgui2410.lib(grfmt_exr.obj)' or at 'C:\Users\Othmanos\Desktop\Projet_Tutore\opencv_highgui2410.pdb'; linking object as if no debug info
     1>opencv_highgui2410.lib(grfmt_jpeg.obj) : warning LNK4099: PDB 'opencv_highgui2410.pdb' was not found with 'opencv_highgui2410.lib(grfmt_jpeg.obj)' or at 'C:\Users\Othmanos\Desktop\Projet_Tutore\opencv_highgui2410.pdb'; linking object as if no debug info
     1>opencv_highgui2410.lib(grfmt_jpeg2000.obj) : warning LNK4099: PDB 'opencv_highgui2410.pdb' was not found with 'opencv_highgui2410.lib(grfmt_jpeg2000.obj)' or at 'C:\Users\Othmanos\Desktop\Projet_Tutore\opencv_highgui2410.pdb'; linking object as if no debug info
     1>opencv_highgui2410.lib(grfmt_png.obj) : warning LNK4099: PDB 'opencv_highgui2410.pdb' was not found with 'opencv_highgui2410.lib(grfmt_png.obj)' or at 'C:\Users\Othmanos\Desktop\Projet_Tutore\opencv_highgui2410.pdb'; linking object as if no debug info
     1>opencv_highgui2410.lib(grfmt_pxm.obj) : warning LNK4099: PDB 'opencv_highgui2410.pdb' was not found with 'opencv_highgui2410.lib(grfmt_pxm.obj)' or at 'C:\Users\Othmanos\Desktop\Projet_Tutore\opencv_highgui2410.pdb'; linking object as if no debug info
     1>opencv_highgui2410.lib(grfmt_sunras.obj) : warning LNK4099: PDB 'opencv_highgui2410.pdb' was not found with 'opencv_highgui2410.lib(grfmt_sunras.obj)' or at 'C:\Users\Othmanos\Desktop\Projet_Tutore\opencv_highgui2410.pdb'; linking object as if no debug info
     1>opencv_highgui2410.lib(grfmt_tiff.obj) : warning LNK4099: PDB 'opencv_highgui2410.pdb' was not found with 'opencv_highgui2410.lib(grfmt_tiff.obj)' or at 'C:\Users\Othmanos\Desktop\Projet_Tutore\opencv_highgui2410.pdb'; linking object as if no debug info
     1>opencv_highgui2410.lib(bitstrm.obj) : warning LNK4099: PDB 'opencv_highgui2410.pdb' was not found with 'opencv_highgui2410.lib(bitstrm.obj)' or at 'C:\Users\Othmanos\Desktop\Projet_Tutore\opencv_highgui2410.pdb'; linking object as if no debug info
     1>opencv_highgui2410.lib(opencv_highgui_pch.obj) : warning LNK4099: PDB 'opencv_highgui2410.pdb' was not found with 'opencv_highgui2410.lib(opencv_highgui_pch.obj)' or at 'C:\Users\Othmanos\Desktop\Projet_Tutore\opencv_highgui2410.pdb'; linking object as if no debug info
     1>opencv_imgproc2410.lib(deriv.obj) : warning LNK4099: PDB 'opencv_imgproc2410.pdb' was not found with 'opencv_imgproc2410.lib(deriv.obj)' or at 'C:\Users\Othmanos\Desktop\Projet_Tutore\opencv_imgproc2410.pdb'; linking object as if no debug info
     1>opencv_imgproc2410.lib(filter.obj) : warning LNK4099: PDB 'opencv_imgproc2410.pdb' was not found with 'opencv_imgproc2410.lib(filter.obj)' or at 'C:\Users\Othmanos\Desktop\Projet_Tutore\opencv_imgproc2410.pdb'; linking object as if no debug info
     1>opencv_imgproc2410.lib(morph.obj) : warning LNK4099: PDB 'opencv_imgproc2410.pdb' was not found with 'opencv_imgproc2410.lib(morph.obj)' or at 'C:\Users\Othmanos\Desktop\Projet_Tutore\opencv_imgproc2410.pdb'; linking object as if no debug info
     1>opencv_imgproc2410.lib(smooth.obj) : warning LNK4099: PDB 'opencv_imgproc2410.pdb' was not found with 'opencv_imgproc2410.lib(smooth.obj)' or at 'C:\Users\Othmanos\Desktop\Projet_Tutore\opencv_imgproc2410.pdb'; linking object as if no debug info
     1>opencv_imgproc2410.lib(sumpixels.obj) : warning LNK4099: PDB 'opencv_imgproc2410.pdb' was not found with 'opencv_imgproc2410.lib(sumpixels.obj)' or at 'C:\Users\Othmanos\Desktop\Projet_Tutore\opencv_imgproc2410.pdb'; linking object as if no debug info
     1>opencv_imgproc2410.lib(tables.obj) : warning LNK4099: PDB 'opencv_imgproc2410.pdb' was not found with 'opencv_imgproc2410.lib(tables.obj)' or at 'C:\Users\Othmanos\Desktop\Projet_Tutore\opencv_imgproc2410.pdb'; linking object as if no debug info
     1>opencv_imgproc2410.lib(templmatch.obj) : warning LNK4099: PDB 'opencv_imgproc2410.pdb' was not found with 'opencv_imgproc2410.lib(templmatch.obj)' or at 'C:\Users\Othmanos\Desktop\Projet_Tutore\opencv_imgproc2410.pdb'; linking object as if no debug info
     1>opencv_imgproc2410.lib(utils.obj) : warning LNK4099: PDB 'opencv_imgproc2410.pdb' was not found with 'opencv_imgproc2410.lib(utils.obj)' or at 'C:\Users\Othmanos\Desktop\Projet_Tutore\opencv_imgproc2410.pdb'; linking object as if no debug info
     1>opencv_imgproc2410.lib(opencv_imgproc_pch.obj) : warning LNK4099: PDB 'opencv_imgproc2410.pdb' was not found with 'opencv_imgproc2410.lib(opencv_imgproc_pch.obj)' or at 'C:\Users\Othmanos\Desktop\Projet_Tutore\opencv_imgproc2410.pdb'; linking object as if no debug info
     1>zlib.lib(adler32.obj) : warning LNK4099: PDB 'zlib.pdb' was not found with 'zlib.lib(adler32.obj)' or at 'C:\Users\Othmanos\Desktop\Projet_Tutore\zlib.pdb'; linking object as if no debug info
     1>zlib.lib(compress.obj) : warning LNK4099: PDB 'zlib.pdb' was not found with 'zlib.lib(compress.obj)' or at 'C:\Users\Othmanos\Desktop\Projet_Tutore\zlib.pdb'; linking object as if no debug info
     1>zlib.lib(crc32.obj) : warning LNK4099: PDB 'zlib.pdb' was not found with 'zlib.lib(crc32.obj)' or at 'C:\Users\Othmanos\Desktop\Projet_Tutore\zlib.pdb'; linking object as if no debug info
     1>zlib.lib(deflate.obj) : warning LNK4099: PDB 'zlib.pdb' was not found with 'zlib.lib(deflate.obj)' or at 'C:\Users\Othmanos\Desktop\Projet_Tutore\zlib.pdb'; linking object as if no debug info
     1>zlib.lib(gzclose.obj) : warning LNK4099: PDB 'zlib.pdb' was not found with 'zlib.lib(gzclose.obj)' or at 'C:\Users\Othmanos\Desktop\Projet_Tutore\zlib.pdb'; linking object as if no debug info
     1>zlib.lib(gzlib.obj) : warning LNK4099: PDB 'zlib.pdb' was not found with 'zlib.lib(gzlib.obj)' or at 'C:\Users\Othmanos\Desktop\Projet_Tutore\zlib.pdb'; linking object as if no debug info
     1>zlib.lib(gzread.obj) : warning LNK4099: PDB 'zlib.pdb' was not found with 'zlib.lib(gzread.obj)' or at 'C:\Users\Othmanos\Desktop\Projet_Tutore\zlib.pdb'; linking object as if no debug info
     1>zlib.lib(gzwrite.obj) : warning LNK4099: PDB 'zlib.pdb' was not found with 'zlib.lib(gzwrite.obj)' or at 'C:\Users\Othmanos\Desktop\Projet_Tutore\zlib.pdb'; linking object as if no debug info
     1>zlib.lib(inflate.obj) : warning LNK4099: PDB 'zlib.pdb' was not found with 'zlib.lib(inflate.obj)' or at 'C:\Users\Othmanos\Desktop\Projet_Tutore\zlib.pdb'; linking object as if no debug info
     1>zlib.lib(inftrees.obj) : warning LNK4099: PDB 'zlib.pdb' was not found with 'zlib.lib(inftrees.obj)' or at 'C:\Users\Othmanos\Desktop\Projet_Tutore\zlib.pdb'; linking object as if no debug info
     1>zlib.lib(inffast.obj) : warning LNK4099: PDB 'zlib.pdb' was not found with 'zlib.lib(inffast.obj)' or at 'C:\Users\Othmanos\Desktop\Projet_Tutore\zlib.pdb'; linking object as if no debug info
     1>zlib.lib(trees.obj) : warning LNK4099: PDB 'zlib.pdb' was not found with 'zlib.lib(trees.obj)' or at 'C:\Users\Othmanos\Desktop\Projet_Tutore\zlib.pdb'; linking object as if no debug info
     1>zlib.lib(uncompr.obj) : warning LNK4099: PDB 'zlib.pdb' was not found with 'zlib.lib(uncompr.obj)' or at 'C:\Users\Othmanos\Desktop\Projet_Tutore\zlib.pdb'; linking object as if no debug info
     1>zlib.lib(zutil.obj) : warning LNK4099: PDB 'zlib.pdb' was not found with 'zlib.lib(zutil.obj)' or at 'C:\Users\Othmanos\Desktop\Projet_Tutore\zlib.pdb'; linking object as if no debug info
         project.vcxproj -> C:\Users\Othmanos\Desktop\Projet_Tutore\vs2013\../vehicle_counting_x86.exe
     1>Done Building Project "C:\Users\Othmanos\Desktop\Projet_Tutore\vs2013\project.vcxproj" (Build target(s)).

Build succeeded.

Time Elapsed 00:00:17.99
