c:\users\othmanos\desktop\projet_tutore\vs2013\release\vc120.pdb
c:\users\othmanos\desktop\projet_tutore\vs2013\release\cvtrack.obj
c:\users\othmanos\desktop\projet_tutore\vs2013\release\cvlabel.obj
c:\users\othmanos\desktop\projet_tutore\vs2013\release\cvcontour.obj
c:\users\othmanos\desktop\projet_tutore\vs2013\release\cvcolor.obj
c:\users\othmanos\desktop\projet_tutore\vs2013\release\cvblob.obj
c:\users\othmanos\desktop\projet_tutore\vs2013\release\cvaux.obj
c:\users\othmanos\desktop\projet_tutore\vs2013\release\blobtracking.obj
c:\users\othmanos\desktop\projet_tutore\vs2013\release\pixelbasedadaptivesegmenter.obj
c:\users\othmanos\desktop\projet_tutore\vs2013\release\pbas.obj
c:\users\othmanos\desktop\projet_tutore\vs2013\release\vehiclecouting.obj
c:\users\othmanos\desktop\projet_tutore\vs2013\release\demo.obj
c:\users\othmanos\desktop\projet_tutore\vehicle_counting_x86.exe
c:\users\othmanos\desktop\projet_tutore\vehicle_counting_x86.pdb
c:\users\othmanos\desktop\projet_tutore\vs2013\../vehicle_counting_x86.exe
c:\users\othmanos\desktop\projet_tutore\vs2013\release\project.tlog\cl.command.1.tlog
c:\users\othmanos\desktop\projet_tutore\vs2013\release\project.tlog\cl.read.1.tlog
c:\users\othmanos\desktop\projet_tutore\vs2013\release\project.tlog\cl.write.1.tlog
c:\users\othmanos\desktop\projet_tutore\vs2013\release\project.tlog\link.command.1.tlog
c:\users\othmanos\desktop\projet_tutore\vs2013\release\project.tlog\link.read.1.tlog
c:\users\othmanos\desktop\projet_tutore\vs2013\release\project.tlog\link.write.1.tlog
